2023-05-16T10:05:00+00:00 CRITICAL Uncaught TypeError: implode(): Argument #2 ($array) must be of type ?array, string given in I:\wamp\www\chicdressing\wp-content\plugins\wysija-newsletters\helpers\file.php:161
Stack trace:
#0 I:\wamp\www\chicdressing\wp-content\plugins\wysija-newsletters\helpers\file.php(161): implode(Array, '|')
#1 I:\wamp\www\chicdressing\wp-content\plugins\wysija-newsletters\core\base.php(820): WYSIJA_help_file->clear()
#2 I:\wamp\www\chicdressing\wp-content\plugins\wysija-newsletters\helpers\cron.php(184): WYSIJA::croned_daily()
#3 I:\wamp\www\chicdressing\wp-content\plugins\wysija-newsletters\helpers\cron.php(120): WYSIJA_help_cron->run_scheduled_task('daily')
#4 I:\wamp\www\chicdressing\wp-content\plugins\wysija-newsletters\helpers\cron.php(56): WYSIJA_help_cron->check_scheduled_task(Array, 'daily')
#5 I:\wamp\www\chicdressing\wp-content\plugins\wysija-newsletters\core\base.php(1525): WYSIJA_help_cron->run()
#6 I:\wamp\www\chicdressing\wp-includes\class-wp-hook.php(308): init_wysija_cron('')
#7 I:\wamp\www\chicdressing\wp-includes\class-wp-hook.php(332): WP_Hook->apply_filters(NULL, Array)
#8 I:\wamp\www\chicdressing\wp-includes\plugin.php(517): WP_Hook->do_action(Array)
#9 I:\wamp\www\chicdressing\wp-settings.php(623): do_action('init')
#10 I:\wamp\www\chicdressing\wp-config.php(96): require_once('I:\\wamp\\www\\chi...')
#11 I:\wamp\www\chicdressing\wp-load.php(50): require_once('I:\\wamp\\www\\chi...')
#12 I:\wamp\www\chicdressing\wp-cron.php(46): require_once('I:\\wamp\\www\\chi...')
#13 {main}
  thrown dans I:\wamp\www\chicdressing\wp-content\plugins\wysija-newsletters\helpers\file.php à la ligne 161

2023-05-16T10:05:00+00:00 CRITICAL Uncaught TypeError: implode(): Argument #2 ($array) must be of type ?array, string given in I:\wamp\www\chicdressing\wp-content\plugins\wysija-newsletters\helpers\file.php:161
Stack trace:
#0 I:\wamp\www\chicdressing\wp-content\plugins\wysija-newsletters\helpers\file.php(161): implode(Array, '|')
#1 I:\wamp\www\chicdressing\wp-content\plugins\wysija-newsletters\core\base.php(820): WYSIJA_help_file->clear()
#2 I:\wamp\www\chicdressing\wp-content\plugins\wysija-newsletters\helpers\cron.php(184): WYSIJA::croned_daily()
#3 I:\wamp\www\chicdressing\wp-content\plugins\wysija-newsletters\helpers\cron.php(120): WYSIJA_help_cron->run_scheduled_task('daily')
#4 I:\wamp\www\chicdressing\wp-content\plugins\wysija-newsletters\helpers\cron.php(56): WYSIJA_help_cron->check_scheduled_task(Array, 'daily')
#5 I:\wamp\www\chicdressing\wp-content\plugins\wysija-newsletters\core\base.php(1525): WYSIJA_help_cron->run()
#6 I:\wamp\www\chicdressing\wp-includes\class-wp-hook.php(308): init_wysija_cron('')
#7 I:\wamp\www\chicdressing\wp-includes\class-wp-hook.php(332): WP_Hook->apply_filters(NULL, Array)
#8 I:\wamp\www\chicdressing\wp-includes\plugin.php(517): WP_Hook->do_action(Array)
#9 I:\wamp\www\chicdressing\wp-settings.php(623): do_action('init')
#10 I:\wamp\www\chicdressing\wp-config.php(96): require_once('I:\\wamp\\www\\chi...')
#11 I:\wamp\www\chicdressing\wp-load.php(50): require_once('I:\\wamp\\www\\chi...')
#12 I:\wamp\www\chicdressing\wp-cron.php(46): require_once('I:\\wamp\\www\\chi...')
#13 {main}
  thrown dans I:\wamp\www\chicdressing\wp-content\plugins\wysija-newsletters\helpers\file.php à la ligne 161

